[debug] [2023-08-09T02:02:55.706Z] ----------------------------------------------------------------------
[debug] [2023-08-09T02:02:55.708Z] Command:       C:\Program Files\nodejs\node.exe C:\Users\geeta\AppData\Roaming\npm\node_modules\firebase-tools\lib\bin\firebase.js deploy --debug
[debug] [2023-08-09T02:02:55.709Z] CLI Version:   12.4.7
[debug] [2023-08-09T02:02:55.709Z] Platform:      win32
[debug] [2023-08-09T02:02:55.709Z] Node Version:  v18.15.0
[debug] [2023-08-09T02:02:55.710Z] Time:          Wed Aug 09 2023 07:32:55 GMT+0530 (India Standard Time)
[debug] [2023-08-09T02:02:55.710Z] ----------------------------------------------------------------------
[debug] 
[debug] [2023-08-09T02:02:55.759Z] > command requires scopes: ["email","openid","https://www.googleapis.com/auth/cloudplatformprojects.readonly","https://www.googleapis.com/auth/firebase","https://www.googleapis.com/auth/cloud-platform"]
[debug] [2023-08-09T02:02:55.760Z] > authorizing via signed-in user (geetanjalighatak@gmail.com)
[debug] [2023-08-09T02:02:55.760Z] [iam] checking project booktown-31912 for permissions ["firebase.projects.get","firebasehosting.sites.update"]
[debug] [2023-08-09T02:02:55.764Z] >>> [apiv2][query] POST https://cloudresourcemanager.googleapis.com/v1/projects/booktown-31912:testIamPermissions [none]
[debug] [2023-08-09T02:02:55.764Z] >>> [apiv2][(partial)header] POST https://cloudresourcemanager.googleapis.com/v1/projects/booktown-31912:testIamPermissions x-goog-quota-user=projects/booktown-31912
[debug] [2023-08-09T02:02:55.765Z] >>> [apiv2][body] POST https://cloudresourcemanager.googleapis.com/v1/projects/booktown-31912:testIamPermissions {"permissions":["firebase.projects.get","firebasehosting.sites.update"]}
[debug] [2023-08-09T02:02:57.377Z] <<< [apiv2][status] POST https://cloudresourcemanager.googleapis.com/v1/projects/booktown-31912:testIamPermissions 200
[debug] [2023-08-09T02:02:57.378Z] <<< [apiv2][body] POST https://cloudresourcemanager.googleapis.com/v1/projects/booktown-31912:testIamPermissions {"permissions":["firebase.projects.get","firebasehosting.sites.update"]}
[debug] [2023-08-09T02:02:57.379Z] >>> [apiv2][query] GET https://firebase.googleapis.com/v1beta1/projects/booktown-31912 [none]
[debug] [2023-08-09T02:02:58.002Z] <<< [apiv2][status] GET https://firebase.googleapis.com/v1beta1/projects/booktown-31912 200
[debug] [2023-08-09T02:02:58.002Z] <<< [apiv2][body] GET https://firebase.googleapis.com/v1beta1/projects/booktown-31912 {"projectId":"booktown-31912","projectNumber":"771915749342","displayName":"BookTown","name":"projects/booktown-31912","resources":{"hostingSite":"booktown-31912","realtimeDatabaseInstance":"booktown-31912-default-rtdb","storageBucket":"booktown-31912.appspot.com","locationId":"us-central"},"state":"ACTIVE","etag":"1_89009198-3db1-41f3-9e2f-51d19d141c88"}
[info] 
[info] === Deploying to 'booktown-31912'...
[info] 
[info] i  deploying hosting 
[debug] [2023-08-09T02:02:58.007Z] >>> [apiv2][query] POST https://firebasehosting.googleapis.com/v1beta1/projects/-/sites/booktown-31912/versions [none]
[debug] [2023-08-09T02:02:58.007Z] >>> [apiv2][body] POST https://firebasehosting.googleapis.com/v1beta1/projects/-/sites/booktown-31912/versions {"status":"CREATED","labels":{"deployment-tool":"cli-firebase"}}
[debug] [2023-08-09T02:02:59.681Z] <<< [apiv2][status] POST https://firebasehosting.googleapis.com/v1beta1/projects/-/sites/booktown-31912/versions 200
[debug] [2023-08-09T02:02:59.682Z] <<< [apiv2][body] POST https://firebasehosting.googleapis.com/v1beta1/projects/-/sites/booktown-31912/versions {"name":"projects/771915749342/sites/booktown-31912/versions/a399ec1cf0a22026","status":"CREATED","config":{},"labels":{"deployment-tool":"cli-firebase"}}
[info] i  hosting[booktown-31912]: beginning deploy... 
[info] i  hosting[booktown-31912]: found 32 files in build 
[debug] [2023-08-09T02:02:59.696Z] [hosting] uploading with 200 concurrency
[debug] [2023-08-09T02:02:59.700Z] [hosting] hash cache [YnVpbGQ] stored for 32 files
[debug] [2023-08-09T02:02:59.701Z] [hosting][hash queue][FINAL] {"max":1,"min":0,"avg":0,"active":0,"complete":32,"success":32,"errored":0,"retried":0,"total":32,"elapsed":4}
[debug] [2023-08-09T02:02:59.702Z] >>> [apiv2][query] POST https://firebasehosting.googleapis.com/v1beta1/projects/771915749342/sites/booktown-31912/versions/a399ec1cf0a22026:populateFiles [none]
[debug] [2023-08-09T02:02:59.702Z] >>> [apiv2][body] POST https://firebasehosting.googleapis.com/v1beta1/projects/771915749342/sites/booktown-31912/versions/a399ec1cf0a22026:populateFiles {"files":{"/404.html":"daa499dd96d8229e73235345702ba32f0793f0c8e5c0d30e40e37a5872be57aa","/asset-manifest.json":"c8b8f11a098b583836dbc1b3b37d5785c57887a71b57f18f77a3c01b7577bbd9","/favicon.ico":"a38ef3dd6635ed098251a9f4a353ad22418b96dabcc5328abf6bb7332d3ac00a","/index.html":"d5e75cbcd040e727337cf2afcdac2d8e5dd4c19a7415c5a0f018cc5f3b67a020","/logo192.png":"3ee59515172ee198f3be375979df15ac5345183e656720a381b8872b2a39dc8b","/logo512.png":"ee7e2f3fdb8209c4b6fd7bef6ba50d1b9dba30a25bb5c3126df057e1cb6f5331","/manifest.json":"aff3449bdc238776f5d6d967f19ec491b36aed5fb7f23ccff6500736fd58494a","/robots.txt":"bfe106a3fb878dc83461c86818bf74fc1bdc7f28538ba613cd3e775516ce8b49","/images/bg.jpg":"301c12d4a3ed8b1e28458394afa50bb9228e3ef4efb6655c585812bc53bcd317","/images/logo-black.png":"d13c2bbb5be911f3fd578fa1c5ed30b38b350084d0f0ddd0f50eba76fd53abac","/images/logo-color-cropped.png":"8fbd3d072809fba7fd9bddef48bcc951fcbd841b33ed13a330adad0dc12a0575","/images/logo-color.png":"49e5768349437fe968b671c8bed6f3e76a2624455d475bb10abc062a670dd185","/images/logo-no-background-cropped.png":"8fd8bb8226cd489a2679fd209d5b37fb1fe83ba7e85e10cd9108452febad75a0","/images/logo-no-background.png":"30a231c951d420acd8fa64a46bb72650065d8fd12777a4e8705b2a79bf053e76","/images/logo-white.png":"38e379e9a55f6cff401f67123c9d6d4c4d28f62e8ad92906c2a462516377f95b","/images/patrick-tomasso-Oaqk7qqNh_c-unsplash.jpg":"301c12d4a3ed8b1e28458394afa50bb9228e3ef4efb6655c585812bc53bcd317","/static/css/main.9be5c888.css":"06ab7604c4c96b353ddf2280b404a0653b1e91e7b608899e31961afe95969a42","/static/css/main.9be5c888.css.map":"5a1c2d15ccdfa77a94ba899f6f829aec4027db4182b0a0c35aad9da06bcbd975","/static/js/787.2c323762.chunk.js":"21cdac5ddd90b6474f1f18efb4cdb0d0be68cdcad0d31683b6a70785f08a494b","/static/js/787.2c323762.chunk.js.map":"fe342fc711520795b3560d362c3e14f0128d64487af6a26bdf4c22ff88aaa727","/static/js/main.b6ad2f83.js":"862f9893759659f3233cc3c385fe71631e78188d1e0adac08b662acb670e29b0","/static/js/main.b6ad2f83.js.LICENSE.txt":"793fc17f02afd2eea8242b1399c8bf07fdc49b28725b45383b249823e8ad472d","/static/js/main.b6ad2f83.js.map":"bd7c2c015ad98b9206e43feb59588581e37903dcc7813b54b2459b2be9ac71c6","/static/media/fontawesome-webfont.1e59d2330b4c6deb84b3.ttf":"d9cef07d4f3569883fb4c3db76acea5478cef80775d012841eb78a42e60a8e89","/static/media/fontawesome-webfont.20fd1704ea223900efa9.woff2":"38d88317bebc79b4945a679daadd47daebbadc5cd13b41473143394ca7e8d892","/static/media/fontawesome-webfont.8b43027f47b20503057d.eot":"4944999b255adf473d5b86b300eba33737e8f598c17f24e82a28582393331209","/static/media/fontawesome-webfont.c1e38fd9e0e74ba58f7a.svg":"9b74ca5333a9ca156ae6ef0920d5bc42d283e95d25651bf4375404f0407a63ab","/static/media/fontawesome-webfont.f691f37e57f04c152e23.woff":"b51c2c79cce89b7c5947672c13f735c24ee1a9f8f6ebdb957c5fdfe567f27d37","/static/media/slick.2630a3e3eab21c607e21.svg":"d00477d40ed40fa1dd3bdee27d9286804121b15fea83bae7d5415d902b055de0","/static/media/slick.295183786cd8a1389865.woff":"029a727c9e1081d2f9e1015f02f18da88f268512ea4f58589a6f17f532928530","/static/media/slick.a4e97f5a2a64f0ab1323.eot":"52b9a169969e053d43df6bd21c4dc789c2518d99afd8590a17ef50cd24c77cf6","/static/media/slick.c94f7671dcc99dce43e2.ttf":"6aad751007cf9a89350af287f824ab64f096c472c7c9c679fb3d55b6174fc004"}}
[debug] [2023-08-09T02:03:00.880Z] <<< [apiv2][status] POST https://firebasehosting.googleapis.com/v1beta1/projects/771915749342/sites/booktown-31912/versions/a399ec1cf0a22026:populateFiles 200
[debug] [2023-08-09T02:03:00.881Z] <<< [apiv2][body] POST https://firebasehosting.googleapis.com/v1beta1/projects/771915749342/sites/booktown-31912/versions/a399ec1cf0a22026:populateFiles {"uploadUrl":"https://upload-firebasehosting.googleapis.com/upload/sites/booktown-31912/versions/a399ec1cf0a22026/files"}
[debug] [2023-08-09T02:03:00.882Z] [hosting][populate queue][FINAL] {"max":1184,"min":1184,"avg":1184,"active":0,"complete":1,"success":1,"errored":0,"retried":0,"total":1,"elapsed":1184}
[debug] [2023-08-09T02:03:00.882Z] [hosting] uploads queued: 0
[debug] [2023-08-09T02:03:00.882Z] [hosting][upload queue][FINAL] {"max":0,"min":9999999999,"avg":0,"active":0,"complete":0,"success":0,"errored":0,"retried":0,"total":0,"elapsed":1691546580882}
[info] i  hosting: upload complete 
[info] +  hosting[booktown-31912]: file upload complete 
[debug] [2023-08-09T02:03:00.883Z] [hosting] deploy completed after 1199ms
[debug] [2023-08-09T02:03:00.884Z] [
  {
    "config": {
      "public": "build",
      "ignore": [
        "firebase.json",
        "**/.*",
        "**/node_modules/**"
      ],
      "site": "booktown-31912"
    },
    "version": "projects/771915749342/sites/booktown-31912/versions/a399ec1cf0a22026"
  }
]
[info] i  hosting[booktown-31912]: finalizing version... 
[debug] [2023-08-09T02:03:00.887Z] >>> [apiv2][query] PATCH https://firebasehosting.googleapis.com/v1beta1/projects/-/sites/booktown-31912/versions/a399ec1cf0a22026 updateMask=status%2Cconfig
[debug] [2023-08-09T02:03:00.887Z] >>> [apiv2][body] PATCH https://firebasehosting.googleapis.com/v1beta1/projects/-/sites/booktown-31912/versions/a399ec1cf0a22026 {"status":"FINALIZED","config":{}}
[debug] [2023-08-09T02:03:02.003Z] <<< [apiv2][status] PATCH https://firebasehosting.googleapis.com/v1beta1/projects/-/sites/booktown-31912/versions/a399ec1cf0a22026 200
[debug] [2023-08-09T02:03:02.004Z] <<< [apiv2][body] PATCH https://firebasehosting.googleapis.com/v1beta1/projects/-/sites/booktown-31912/versions/a399ec1cf0a22026 {"name":"projects/771915749342/sites/booktown-31912/versions/a399ec1cf0a22026","status":"FINALIZED","config":{},"labels":{"deployment-tool":"cli-firebase"},"createTime":"2023-08-09T02:02:58.724698Z","createUser":{"email":"geetanjalighatak@gmail.com"},"finalizeTime":"2023-08-09T02:03:01.430705Z","finalizeUser":{"email":"geetanjalighatak@gmail.com"}}
[debug] [2023-08-09T02:03:02.005Z] [hosting] finalized version for booktown-31912:[object Object]
[info] +  hosting[booktown-31912]: version finalized 
[info] i  hosting[booktown-31912]: releasing new version... 
[debug] [2023-08-09T02:03:02.006Z] >>> [apiv2][query] POST https://firebasehosting.googleapis.com/v1beta1/projects/-/sites/booktown-31912/channels/live/releases versionName=projects%2F771915749342%2Fsites%2Fbooktown-31912%2Fversions%2Fa399ec1cf0a22026
[debug] [2023-08-09T02:03:02.007Z] >>> [apiv2][body] POST https://firebasehosting.googleapis.com/v1beta1/projects/-/sites/booktown-31912/channels/live/releases {}
[debug] [2023-08-09T02:03:03.197Z] <<< [apiv2][status] POST https://firebasehosting.googleapis.com/v1beta1/projects/-/sites/booktown-31912/channels/live/releases 200
[debug] [2023-08-09T02:03:03.198Z] <<< [apiv2][body] POST https://firebasehosting.googleapis.com/v1beta1/projects/-/sites/booktown-31912/channels/live/releases {"name":"projects/771915749342/sites/booktown-31912/channels/live/releases/1691546582024000","version":{"name":"projects/771915749342/sites/booktown-31912/versions/a399ec1cf0a22026","status":"FINALIZED","config":{},"labels":{"deployment-tool":"cli-firebase"},"createTime":"2023-08-09T02:02:58.724698Z","createUser":{"email":"geetanjalighatak@gmail.com","imageUrl":"https://lh3.googleusercontent.com/a/AAcHTtdo9E6LaYryts4zYKUN9RdOELc3rQ3bZrNo9IlTJUwt2qk"},"finalizeTime":"2023-08-09T02:03:01.430705Z","finalizeUser":{"email":"geetanjalighatak@gmail.com","imageUrl":"https://lh3.googleusercontent.com/a/AAcHTtdo9E6LaYryts4zYKUN9RdOELc3rQ3bZrNo9IlTJUwt2qk"}},"type":"DEPLOY","releaseTime":"2023-08-09T02:03:02.024Z","releaseUser":{"email":"geetanjalighatak@gmail.com","imageUrl":"https://lh3.googleusercontent.com/a/AAcHTtdo9E6LaYryts4zYKUN9RdOELc3rQ3bZrNo9IlTJUwt2qk"}}
[debug] [2023-08-09T02:03:03.199Z] [hosting] release: {"name":"projects/771915749342/sites/booktown-31912/channels/live/releases/1691546582024000","version":{"name":"projects/771915749342/sites/booktown-31912/versions/a399ec1cf0a22026","status":"FINALIZED","config":{},"labels":{"deployment-tool":"cli-firebase"},"createTime":"2023-08-09T02:02:58.724698Z","createUser":{"email":"geetanjalighatak@gmail.com","imageUrl":"https://lh3.googleusercontent.com/a/AAcHTtdo9E6LaYryts4zYKUN9RdOELc3rQ3bZrNo9IlTJUwt2qk"},"finalizeTime":"2023-08-09T02:03:01.430705Z","finalizeUser":{"email":"geetanjalighatak@gmail.com","imageUrl":"https://lh3.googleusercontent.com/a/AAcHTtdo9E6LaYryts4zYKUN9RdOELc3rQ3bZrNo9IlTJUwt2qk"}},"type":"DEPLOY","releaseTime":"2023-08-09T02:03:02.024Z","releaseUser":{"email":"geetanjalighatak@gmail.com","imageUrl":"https://lh3.googleusercontent.com/a/AAcHTtdo9E6LaYryts4zYKUN9RdOELc3rQ3bZrNo9IlTJUwt2qk"}}
[info] +  hosting[booktown-31912]: release complete 
[info] 
[info] +  Deploy complete! 
[info] 
[info] Project Console: https://console.firebase.google.com/project/booktown-31912/overview
[info] Hosting URL: https://booktown-31912.web.app
